Log file open, 10/09/20 13:42:29
LogWindows: Failed to load 'aqProf.dll' (GetLastError=126)
LogWindows: File 'aqProf.dll' does not exist
LogWindows: Failed to load 'VSPerf140.dll' (GetLastError=126)
LogWindows: File 'VSPerf140.dll' does not exist
LogWindows: Failed to load 'VtuneApi.dll' (GetLastError=126)
LogWindows: File 'VtuneApi.dll' does not exist
LogWindows: Failed to load 'VtuneApi32e.dll' (GetLastError=126)
LogWindows: File 'VtuneApi32e.dll' does not exist
LogInit: Display: Running engine for game: CursoUE4_Udemy
LogPlatformFile: Not using cached read wrapper
LogInit: Display: RandInit(1660795868) SRandInit(1660795868).
LogInit: Read version file with build ID '3709383'
LogInit: Overriding engine version to CL 3832480, compatible CL 3709383
LogInit: Registered custom module enumerator with build ID '3709383'
LogTaskGraph: Started task graph with 5 named threads and 20 total threads with 3 sets of task threads.
LogStats: Stats thread started at 0.296770
LogD3D11RHI: Aftermath initialized
LogModuleManager: Display: Found up-to-date module file ../../../Engine/Plugins/2D/Paper2D/Binaries/Win64/UE4Editor-Paper2D.dll (API version 3709383).
LogModuleManager: Display: Found up-to-date module file ../../../Engine/Plugins/2D/Paper2D/Binaries/Win64/UE4Editor-Paper2DEditor.dll (API version 3709383).
LogModuleManager: Display: Found up-to-date module file ../../../Engine/Plugins/2D/Paper2D/Binaries/Win64/UE4Editor-PaperSpriteSheetImporter.dll (API version 3709383).
LogModuleManager: Display: Found up-to-date module file ../../../Engine/Plugins/2D/Paper2D/Binaries/Win64/UE4Editor-PaperTiledImporter.dll (API version 3709383).
LogModuleManager: Display: Found up-to-date module file ../../../Engine/Plugins/2D/Paper2D/Binaries/Win64/UE4Editor-SmartSnapping.dll (API version 3709383).
LogModuleManager: Display: Found up-to-date module file ../../../Engine/Plugins/Blendables/LightPropagationVolume/Binaries/Win64/UE4Editor-LightPropagationVolumeRuntime.dll (API version 3709383).
LogModuleManager: Display: Found up-to-date module file ../../../Engine/Plugins/Blendables/LightPropagationVolume/Binaries/Win64/UE4Editor-LightPropagationVolumeEditor.dll (API version 3709383).
LogModuleManager: Display: Found up-to-date module file ../../../Engine/Plugins/Developer/GitSourceControl/Binaries/Win64/UE4Editor-GitSourceControl.dll (API version 3709383).
LogModuleManager: Display: Found up-to-date module file ../../../Engine/Plugins/Developer/PerforceSourceControl/Binaries/Win64/UE4Editor-PerforceSourceControl.dll (API version 3709383).
LogModuleManager: Display: Found up-to-date module file ../../../Engine/Plugins/Developer/SubversionSourceControl/Binaries/Win64/UE4Editor-SubversionSourceControl.dll (API version 3709383).
LogModuleManager: Display: Found up-to-date module file ../../../Engine/Plugins/Developer/UObjectPlugin/Binaries/Win64/UE4Editor-UObjectPlugin.dll (API version 3709383).
LogModuleManager: Display: Found up-to-date module file ../../../Engine/Plugins/Developer/VisualStudioCodeSourceCodeAccess/Binaries/Win64/UE4Editor-VisualStudioCodeSourceCodeAccess.dll (API version 3709383).
LogModuleManager: Display: Found up-to-date module file ../../../Engine/Plugins/Developer/VisualStudioSourceCodeAccess/Binaries/Win64/UE4Editor-VisualStudioSourceCodeAccess.dll (API version 3709383).
LogModuleManager: Display: Found up-to-date module file ../../../Engine/Plugins/Editor/AssetManagerEditor/Binaries/Win64/UE4Editor-AssetManagerEditor.dll (API version 3709383).
LogModuleManager: Display: Found up-to-date module file ../../../Engine/Plugins/Editor/AudioCapture/Binaries/Win64/UE4Editor-AudioCapture.dll (API version 3709383).
LogModuleManager: Display: Found up-to-date module file ../../../Engine/Plugins/Editor/FacialAnimation/Binaries/Win64/UE4Editor-FacialAnimation.dll (API version 3709383).
LogModuleManager: Display: Found up-to-date module file ../../../Engine/Plugins/Editor/FacialAnimation/Binaries/Win64/UE4Editor-FacialAnimationEditor.dll (API version 3709383).
LogModuleManager: Display: Found up-to-date module file ../../../Engine/Plugins/Editor/GameplayTagsEditor/Binaries/Win64/UE4Editor-GameplayTagsEditor.dll (API version 3709383).
LogModuleManager: Display: Found up-to-date module file ../../../Engine/Plugins/Editor/MobileLauncherProfileWizard/Binaries/Win64/UE4Editor-MobileLauncherProfileWizard.dll (API version 3709383).
LogModuleManager: Display: Found up-to-date module file ../../../Engine/Plugins/Editor/PluginBrowser/Binaries/Win64/UE4Editor-PluginBrowser.dll (API version 3709383).
LogModuleManager: Display: Found up-to-date module file ../../../Engine/Plugins/Editor/SpeedTreeImporter/Binaries/Win64/UE4Editor-SpeedTreeImporter.dll (API version 3709383).
LogModuleManager: Display: Found up-to-date module file ../../../Engine/Plugins/Experimental/AlembicImporter/Binaries/Win64/UE4Editor-AlembicImporter.dll (API version 3709383).
LogModuleManager: Display: Found up-to-date module file ../../../Engine/Plugins/Experimental/AlembicImporter/Binaries/Win64/UE4Editor-AlembicLibrary.dll (API version 3709383).
LogModuleManager: Display: Found up-to-date module file ../../../Engine/Plugins/Experimental/CharacterAI/Binaries/Win64/UE4Editor-CharacterAI.dll (API version 3709383).
LogModuleManager: Display: Found up-to-date module file ../../../Engine/Plugins/Experimental/HTML5Networking/Binaries/Win64/UE4Editor-HTML5Networking.dll (API version 3709383).
LogModuleManager: Display: Found up-to-date module file ../../../Engine/Plugins/Media/AndroidMedia/Binaries/Win64/UE4Editor-AndroidMediaEditor.dll (API version 3709383).
LogModuleManager: Display: Found up-to-date module file ../../../Engine/Plugins/Media/AndroidMedia/Binaries/Win64/UE4Editor-AndroidMediaFactory.dll (API version 3709383).
LogModuleManager: Display: Found up-to-date module file ../../../Engine/Plugins/Media/AvfMedia/Binaries/Win64/UE4Editor-AvfMediaEditor.dll (API version 3709383).
LogModuleManager: Display: Found up-to-date module file ../../../Engine/Plugins/Media/AvfMedia/Binaries/Win64/UE4Editor-AvfMediaFactory.dll (API version 3709383).
LogModuleManager: Display: Found up-to-date module file ../../../Engine/Plugins/Media/AvfMedia/Binaries/Win64/UE4Editor-AvfMediaFactory.dll (API version 3709383).
LogModuleManager: Display: Found up-to-date module file ../../../Engine/Plugins/Media/ImgMedia/Binaries/Win64/UE4Editor-ImgMedia.dll (API version 3709383).
LogModuleManager: Display: Found up-to-date module file ../../../Engine/Plugins/Media/ImgMedia/Binaries/Win64/UE4Editor-ImgMediaEditor.dll (API version 3709383).
LogModuleManager: Display: Found up-to-date module file ../../../Engine/Plugins/Media/ImgMedia/Binaries/Win64/UE4Editor-ImgMediaFactory.dll (API version 3709383).
LogModuleManager: Display: Found up-to-date module file ../../../Engine/Plugins/Media/ImgMedia/Binaries/Win64/UE4Editor-ImgMediaFactory.dll (API version 3709383).
LogModuleManager: Display: Found up-to-date module file ../../../Engine/Plugins/Media/ImgMedia/Binaries/Win64/UE4Editor-OpenExrWrapper.dll (API version 3709383).
LogModuleManager: Display: Found up-to-date module file ../../../Engine/Plugins/Media/MediaCompositing/Binaries/Win64/UE4Editor-MediaCompositing.dll (API version 3709383).
LogModuleManager: Display: Found up-to-date module file ../../../Engine/Plugins/Media/MediaCompositing/Binaries/Win64/UE4Editor-MediaCompositingEditor.dll (API version 3709383).
LogModuleManager: Display: Found up-to-date module file ../../../Engine/Plugins/Media/MediaPlayerEditor/Binaries/Win64/UE4Editor-MediaPlayerEditor.dll (API version 3709383).
LogModuleManager: Display: Found up-to-date module file ../../../Engine/Plugins/Media/WmfMedia/Binaries/Win64/UE4Editor-WmfMedia.dll (API version 3709383).
LogModuleManager: Display: Found up-to-date module file ../../../Engine/Plugins/Media/WmfMedia/Binaries/Win64/UE4Editor-WmfMediaEditor.dll (API version 3709383).
LogModuleManager: Display: Found up-to-date module file ../../../Engine/Plugins/Media/WmfMedia/Binaries/Win64/UE4Editor-WmfMediaFactory.dll (API version 3709383).
LogModuleManager: Display: Found up-to-date module file ../../../Engine/Plugins/Media/WmfMedia/Binaries/Win64/UE4Editor-WmfMediaFactory.dll (API version 3709383).
LogModuleManager: Display: Found up-to-date module file ../../../Engine/Plugins/Messaging/TcpMessaging/Binaries/Win64/UE4Editor-TcpMessaging.dll (API version 3709383).
LogModuleManager: Display: Found up-to-date module file ../../../Engine/Plugins/Messaging/UdpMessaging/Binaries/Win64/UE4Editor-UdpMessaging.dll (API version 3709383).
LogModuleManager: Display: Found up-to-date module file ../../../Engine/Plugins/MovieScene/ActorSequence/Binaries/Win64/UE4Editor-ActorSequence.dll (API version 3709383).
LogModuleManager: Display: Found up-to-date module file ../../../Engine/Plugins/MovieScene/LevelSequenceEditor/Binaries/Win64/UE4Editor-LevelSequenceEditor.dll (API version 3709383).
LogModuleManager: Display: Found up-to-date module file ../../../Engine/Plugins/MovieScene/MatineeToLevelSequence/Binaries/Win64/UE4Editor-MatineeToLevelSequence.dll (API version 3709383).
LogModuleManager: Display: Found up-to-date module file ../../../Engine/Plugins/Online/OnlineSubsystem/Binaries/Win64/UE4Editor-OnlineSubsystem.dll (API version 3709383).
LogModuleManager: Display: Found up-to-date module file ../../../Engine/Plugins/Runtime/AndroidPermission/Binaries/Win64/UE4Editor-AndroidPermission.dll (API version 3709383).
LogModuleManager: Display: Found up-to-date module file ../../../Engine/Plugins/Online/OnlineSubsystemNull/Binaries/Win64/UE4Editor-OnlineSubsystemNull.dll (API version 3709383).
LogModuleManager: Display: Found up-to-date module file ../../../Engine/Plugins/Online/OnlineSubsystemUtils/Binaries/Win64/UE4Editor-OnlineSubsystemUtils.dll (API version 3709383).
LogModuleManager: Display: Found up-to-date module file ../../../Engine/Plugins/Online/OnlineSubsystemUtils/Binaries/Win64/UE4Editor-OnlineBlueprintSupport.dll (API version 3709383).
LogModuleManager: Display: Found up-to-date module file ../../../Engine/Plugins/Runtime/AndroidDeviceProfileSelector/Binaries/Win64/UE4Editor-AndroidDeviceProfileSelector.dll (API version 3709383).
LogModuleManager: Display: Found up-to-date module file ../../../Engine/Plugins/Runtime/AppleARKit/Binaries/Win64/UE4Editor-AppleARKit.dll (API version 3709383).
LogModuleManager: Display: Found up-to-date module file ../../../Engine/Plugins/Runtime/ArchVisCharacter/Binaries/Win64/UE4Editor-ArchVisCharacter.dll (API version 3709383).
LogModuleManager: Display: Found up-to-date module file ../../../Engine/Plugins/Runtime/CableComponent/Binaries/Win64/UE4Editor-CableComponent.dll (API version 3709383).
LogModuleManager: Display: Found up-to-date module file ../../../Engine/Plugins/Runtime/CustomMeshComponent/Binaries/Win64/UE4Editor-CustomMeshComponent.dll (API version 3709383).
LogModuleManager: Display: Found up-to-date module file ../../../Engine/Plugins/Runtime/ExampleDeviceProfileSelector/Binaries/Win64/UE4Editor-ExampleDeviceProfileSelector.dll (API version 3709383).
LogModuleManager: Display: Found up-to-date module file ../../../Engine/Plugins/Runtime/ImmediatePhysics/Binaries/Win64/UE4Editor-ImmediatePhysics.dll (API version 3709383).
LogModuleManager: Display: Found up-to-date module file ../../../Engine/Plugins/Runtime/ImmediatePhysics/Binaries/Win64/UE4Editor-ImmediatePhysicsEditor.dll (API version 3709383).
LogModuleManager: Display: Found up-to-date module file ../../../Engine/Plugins/Runtime/LocationServicesBPLibrary/Binaries/Win64/UE4Editor-LocationServicesBPLibrary.dll (API version 3709383).
LogModuleManager: Display: Found up-to-date module file ../../../Engine/Plugins/Runtime/MobilePatchingUtils/Binaries/Win64/UE4Editor-MobilePatchingUtils.dll (API version 3709383).
LogModuleManager: Display: Found up-to-date module file ../../../Engine/Plugins/Runtime/Oculus/OculusVR/Binaries/Win64/UE4Editor-OculusHMD.dll (API version 3709383).
LogModuleManager: Display: Found up-to-date module file ../../../Engine/Plugins/Runtime/Oculus/OculusVR/Binaries/Win64/UE4Editor-OculusInput.dll (API version 3709383).
LogModuleManager: Display: Found up-to-date module file ../../../Engine/Plugins/Runtime/Oculus/OculusVR/Binaries/Win64/UE4Editor-OculusEditor.dll (API version 3709383).
LogModuleManager: Display: Found up-to-date module file ../../../Engine/Plugins/Runtime/PhysXVehicles/Binaries/Win64/UE4Editor-PhysXVehicles.dll (API version 3709383).
LogModuleManager: Display: Found up-to-date module file ../../../Engine/Plugins/Runtime/PhysXVehicles/Binaries/Win64/UE4Editor-PhysXVehiclesEditor.dll (API version 3709383).
LogModuleManager: Display: Found up-to-date module file ../../../Engine/Plugins/Runtime/ProceduralMeshComponent/Binaries/Win64/UE4Editor-ProceduralMeshComponent.dll (API version 3709383).
LogModuleManager: Display: Found up-to-date module file ../../../Engine/Plugins/Runtime/ProceduralMeshComponent/Binaries/Win64/UE4Editor-ProceduralMeshComponentEditor.dll (API version 3709383).
LogModuleManager: Display: Found up-to-date module file ../../../Engine/Plugins/Runtime/RuntimePhysXCooking/Binaries/Win64/UE4Editor-RuntimePhysXCooking.dll (API version 3709383).
LogModuleManager: Display: Found up-to-date module file ../../../Engine/Plugins/Runtime/Steam/SteamVR/Binaries/Win64/UE4Editor-SteamVR.dll (API version 3709383).
LogModuleManager: Display: Found up-to-date module file ../../../Engine/Plugins/Runtime/Steam/SteamVR/Binaries/Win64/UE4Editor-SteamVRController.dll (API version 3709383).
LogModuleManager: Display: Found up-to-date module file ../../../Engine/Plugins/Runtime/WindowsMoviePlayer/Binaries/Win64/UE4Editor-WindowsMoviePlayer.dll (API version 3709383).
LogPluginManager: Mounting plugin Paper2D
LogPluginManager: Mounting plugin LightPropagationVolume
LogPluginManager: Mounting plugin CodeLiteSourceCodeAccess
LogPluginManager: Mounting plugin GitSourceControl
LogPluginManager: Mounting plugin KDevelopSourceCodeAccess
LogPluginManager: Mounting plugin NullSourceCodeAccess
LogPluginManager: Mounting plugin PerforceSourceControl
LogPluginManager: Mounting plugin SubversionSourceControl
LogPluginManager: Mounting plugin UObjectPlugin
LogPluginManager: Mounting plugin VisualStudioCodeSourceCodeAccess
LogPluginManager: Mounting plugin VisualStudioSourceCodeAccess
LogPluginManager: Mounting plugin XCodeSourceCodeAccess
LogPluginManager: Mounting plugin AssetManagerEditor
LogPluginManager: Mounting plugin AudioCapture
LogPluginManager: Mounting plugin FacialAnimation
LogPluginManager: Mounting plugin GameplayTagsEditor
LogPluginManager: Mounting plugin MobileLauncherProfileWizard
LogPluginManager: Mounting plugin PluginBrowser
LogPluginManager: Mounting plugin SpeedTreeImporter
LogPluginManager: Mounting plugin AlembicImporter
LogPluginManager: Mounting plugin CharacterAI
LogPluginManager: Mounting plugin HTML5Networking
LogPluginManager: Mounting plugin AndroidMedia
LogPluginManager: Mounting plugin AvfMedia
LogPluginManager: Mounting plugin ImgMedia
LogPluginManager: Mounting plugin MediaCompositing
LogPluginManager: Mounting plugin MediaPlayerEditor
LogPluginManager: Mounting plugin WmfMedia
LogPluginManager: Mounting plugin TcpMessaging
LogPluginManager: Mounting plugin UdpMessaging
LogPluginManager: Mounting plugin ActorSequence
LogPluginManager: Mounting plugin LevelSequenceEditor
LogPluginManager: Mounting plugin MatineeToLevelSequence
LogPluginManager: Mounting plugin OnlineSubsystemGooglePlay
LogPluginManager: Mounting plugin OnlineSubsystemIOS
LogPluginManager: Mounting plugin OnlineSubsystem
LogPluginManager: Mounting plugin OnlineSubsystemNull
LogPluginManager: Mounting plugin OnlineSubsystemUtils
LogPluginManager: Mounting plugin AndroidDeviceProfileSelector
LogPluginManager: Mounting plugin AndroidMoviePlayer
LogPluginManager: Mounting plugin AndroidPermission
LogPluginManager: Mounting plugin AppleARKit
LogPluginManager: Mounting plugin AppleMoviePlayer
LogPluginManager: Mounting plugin ArchVisCharacter
LogPluginManager: Mounting plugin CableComponent
LogPluginManager: Mounting plugin CustomMeshComponent
LogPluginManager: Mounting plugin ExampleDeviceProfileSelector
LogPluginManager: Mounting plugin GoogleCloudMessaging
LogPluginManager: Mounting plugin ImmediatePhysics
LogPluginManager: Mounting plugin IOSDeviceProfileSelector
LogPluginManager: Mounting plugin LinuxDeviceProfileSelector
LogPluginManager: Mounting plugin LocationServicesBPLibrary
LogPluginManager: Mounting plugin MobilePatchingUtils
LogPluginManager: Mounting plugin OculusVR
LogPluginManager: Plugin shader directory ../../../Engine/Plugins/Runtime/Oculus/OculusVR/Shaders found
LogPluginManager: Mapping shader source directory ../../../Engine/Plugins/Runtime/Oculus/OculusVR/Shaders to virtual directory /Plugin/OculusVR
LogPluginManager: Mounting plugin PhysXVehicles
LogPluginManager: Mounting plugin ProceduralMeshComponent
LogPluginManager: Mounting plugin RuntimePhysXCooking
LogPluginManager: Mounting plugin SteamVR
LogPluginManager: Mounting plugin WindowsMoviePlayer
LogInit: Using libcurl 7.47.1
LogInit:  - built for x86_64-pc-win32
LogInit:  - supports SSL with OpenSSL/1.0.2g
LogInit:  - supports HTTP deflate (compression) using libz 1.2.8
LogInit:  - other features:
LogInit:      CURL_VERSION_SSL
LogInit:      CURL_VERSION_LIBZ
LogInit:      CURL_VERSION_IPV6
LogInit:      CURL_VERSION_ASYNCHDNS
LogInit:      CURL_VERSION_LARGEFILE
LogInit:      CURL_VERSION_IDN
LogInit:  CurlRequestOptions (configurable via config and command line):
LogInit:  - bVerifyPeer = false  - Libcurl will NOT verify peer certificate
LogInit:  - bUseHttpProxy = false  - Libcurl will NOT use HTTP proxy
LogInit:  - bDontReuseConnections = false  - Libcurl will reuse connections
LogInit:  - CertBundlePath = nullptr  - Libcurl will use whatever was configured at build time.
LogInit: Build: ++UE4+Release-4.18-CL-3832480
LogInit: Engine Version: 4.18.3-3832480+++UE4+Release-4.18
LogInit: Compatible Engine Version: 4.18.0-3709383+++UE4+Release-4.18
LogInit: Net CL: 3709383
LogDevObjectVersion: Number of dev versions registered: 16
LogDevObjectVersion:   Dev-Blueprints (B0D832E4-1F89-4F0D-ACCF-7EB736FD4AA2): 10
LogDevObjectVersion:   Dev-Build (E1C64328-A22C-4D53-A36C-8E866417BD8C): 0
LogDevObjectVersion:   Dev-Core (375EC13C-06E4-48FB-B500-84F0262A717E): 2
LogDevObjectVersion:   Dev-Editor (E4B068ED-F494-42E9-A231-DA0B2E46BB41): 20
LogDevObjectVersion:   Dev-Framework (CFFC743F-43B0-4480-9391-14DF171D2073): 30
LogDevObjectVersion:   Dev-Mobile (B02B49B5-BB20-44E9-A304-32B752E40360): 0
LogDevObjectVersion:   Dev-Networking (A4E4105C-59A1-49B5-A7C5-40C4547EDFEE): 0
LogDevObjectVersion:   Dev-Online (39C831C9-5AE6-47DC-9A44-9C173E1C8E7C): 0
LogDevObjectVersion:   Dev-Physics (78F01B33-EBEA-4F98-B9B4-84EACCB95AA2): 0
LogDevObjectVersion:   Dev-Platform (6631380F-2D4D-43E0-8009-CF276956A95A): 0
LogDevObjectVersion:   Dev-Rendering (12F88B9F-8875-4AFC-A67C-D90C383ABD29): 20
LogDevObjectVersion:   Dev-Sequencer (7B5AE74C-D270-4C10-A958-57980B212A5A): 4
LogDevObjectVersion:   Dev-VR (D7296918-1DD6-4BDD-9DE2-64A83CC13884): 0
LogDevObjectVersion:   Dev-LoadTimes (C2A15278-BFE7-4AFE-6C17-90FF531DF755): 1
LogDevObjectVersion:   Private-Geometry (6EACA3D4-40EC-4CC1-B786-8BED09428FC5): 1
LogDevObjectVersion:   Dev-AnimPhys (29E575DD-E0A3-4627-9D10-D276232CDCEA): 12
LogInit: Compiled (64-bit): Jan 12 2018 02:04:55
LogInit: Compiled with Visual C++: 19.00.24215.01
LogInit: Build Configuration: Development
LogInit: Branch Name: ++UE4+Release-4.18
LogInit: Command line: -EpicPortal  -epicusername="SonGoku101314" -epicuserid=4c3ed015983947e184c7589ab98a053e -epiclocale=es-MX
LogInit: Base directory: E:/Epic Games/UE_4.18/Engine/Binaries/Win64/
LogInit: Installed Engine Build: 1
LogInit: Presizing for max 8388607 objects, including 0 objects not considered by GC, pre-allocating 0 bytes for permanent pool.
LogInit: Object subsystem initialized
[2020.10.09-20.42.30:953][  0]LogInit: Selected Device Profile: [Windows]
[2020.10.09-20.42.30:953][  0]LogInit: Applying CVar settings loaded from the selected device profile: [Windows]
[2020.10.09-20.42.30:960][  0]LogInit: Computer: DESKTOP-6TLGVFR
[2020.10.09-20.42.30:960][  0]LogInit: User: joelg
[2020.10.09-20.42.30:960][  0]LogInit: CPU Page size=4096, Cores=6
[2020.10.09-20.42.30:960][  0]LogInit: High frequency timer resolution =10.000000 MHz
[2020.10.09-20.42.30:960][  0]LogMemory: Memory total: Physical=15.5GB (16GB approx)
[2020.10.09-20.42.30:960][  0]LogMemory: Platform Memory Stats for Windows
[2020.10.09-20.42.30:960][  0]LogMemory: Process Physical Memory: 275.45 MB used, 275.45 MB peak
[2020.10.09-20.42.30:960][  0]LogMemory: Process Virtual Memory: 272.61 MB used, 272.61 MB peak
[2020.10.09-20.42.30:960][  0]LogMemory: Physical Memory: 9170.13 MB used,  6663.57 MB free, 15833.71 MB total
[2020.10.09-20.42.30:960][  0]LogMemory: Virtual Memory: 4771.30 MB used,  6663.57 MB free, 134217728.00 MB total
[2020.10.09-20.42.31:079][  0]LogInit: Using OS detected language (en-US).
[2020.10.09-20.42.31:079][  0]LogInit: Using OS detected locale (es-PA).
[2020.10.09-20.42.31:081][  0]LogTextLocalizationManager: No specific localization for 'en-US' exists, so the 'en' localization will be used.
[2020.10.09-20.42.31:427][  0]LogInit: Setting process to per monitor DPI aware
[2020.10.09-20.42.31:634][  0]LogD3D11RHI: D3D11 adapters:
[2020.10.09-20.42.31:741][  0]LogD3D11RHI:    0. 'NVIDIA GeForce RTX 2060 SUPER' (Feature Level 11_0)
[2020.10.09-20.42.31:741][  0]LogD3D11RHI:       8031/0/7916 MB DedicatedVideo/DedicatedSystem/SharedSystem, Outputs:2, VendorId:0x10de
[2020.10.09-20.42.31:744][  0]LogD3D11RHI:    1. 'Microsoft Basic Render Driver' (Feature Level 11_0)
[2020.10.09-20.42.31:744][  0]LogD3D11RHI:       0/0/7916 MB DedicatedVideo/DedicatedSystem/SharedSystem, Outputs:0, VendorId:0x1414
[2020.10.09-20.42.31:744][  0]LogD3D11RHI: Chosen D3D11 Adapter: 0
[2020.10.09-20.42.31:751][  0]LogD3D11RHI: Creating new Direct3DDevice
[2020.10.09-20.42.31:751][  0]LogD3D11RHI:     GPU DeviceId: 0x1f06 (for the marketing name, search the web for "GPU Device Id")
[2020.10.09-20.42.31:751][  0]LogWindows: EnumDisplayDevices:
[2020.10.09-20.42.31:751][  0]LogWindows:    0. 'NVIDIA GeForce RTX 2060 SUPER' (P:0 D:1)
[2020.10.09-20.42.31:751][  0]LogWindows:    1. 'NVIDIA GeForce RTX 2060 SUPER' (P:1 D:1)
[2020.10.09-20.42.31:752][  0]LogWindows:    2. 'NVIDIA GeForce RTX 2060 SUPER' (P:0 D:0)
[2020.10.09-20.42.31:752][  0]LogWindows:    3. 'NVIDIA GeForce RTX 2060 SUPER' (P:0 D:0)
[2020.10.09-20.42.31:752][  0]LogWindows: DebugString: GetVideoDriverDetailsInvalid PrimaryIsNotTheChoosenAdapter GetVideoDriverDetailsInvalid PrimaryIsNotTheChoosenAdapter GetVideoDriverDetailsInvalid PrimaryIsNotTheChoosenAdapter GetVideoDriverDetailsInvalid PrimaryIsNotTheChoosenAdapter FoundDriverCount:0 
[2020.10.09-20.42.31:752][  0]LogD3D11RHI:     Adapter Name: NVIDIA GeForce RTX 2060 SUPER
[2020.10.09-20.42.31:752][  0]LogD3D11RHI:   Driver Version: Unknown (internal:Unknown, unified:Unknown)
[2020.10.09-20.42.31:752][  0]LogD3D11RHI:      Driver Date: Unknown
[2020.10.09-20.42.31:752][  0]LogRHI: Texture pool is 5621 MB (70% of 8031 MB)
[2020.10.09-20.42.31:809][  0]LogD3D11RHI: Async texture creation enabled
[2020.10.09-20.42.31:822][  0]LogD3D11RHI: GPU Timing Frequency: 1000.000000 (Debug: 2 1)
[2020.10.09-20.42.31:825][  0]LogShaderCompilers: Guid format shader working directory is -49 characters bigger than the processId version (C:/proyectos/UDEMY/Desarrollo-de-juegos-con-Unreal-Engine-4-de-0-a-profesional-/CursoUE4_Udemy/Intermediate/Shaders/WorkingDirectory/11372/).
[2020.10.09-20.42.31:825][  0]LogShaderCompilers: Cleaned the shader compiler working directory 'C:/Users/joelg/AppData/Local/Temp/UnrealShaderWorkingDir/C684027C43BAA894BC89A58C788CBC00/'.
[2020.10.09-20.42.31:825][  0]LogShaderCompilers: Display: Using Local Shader Compiler.
[2020.10.09-20.42.33:184][  0]LogTemp: Display: Loaded TP AllDesktopTargetPlatform
[2020.10.09-20.42.33:225][  0]LogTemp: Display: Loaded TP MacClientTargetPlatform
[2020.10.09-20.42.33:265][  0]LogTemp: Display: Loaded TP MacNoEditorTargetPlatform
[2020.10.09-20.42.33:306][  0]LogTemp: Display: Loaded TP MacServerTargetPlatform
[2020.10.09-20.42.33:346][  0]LogTemp: Display: Loaded TP MacTargetPlatform
[2020.10.09-20.42.33:388][  0]LogTemp: Display: Loaded TP WindowsClientTargetPlatform
[2020.10.09-20.42.33:428][  0]LogTemp: Display: Loaded TP WindowsNoEditorTargetPlatform
[2020.10.09-20.42.33:469][  0]LogTemp: Display: Loaded TP WindowsServerTargetPlatform
[2020.10.09-20.42.33:503][  0]LogTemp: Display: Loaded TP WindowsTargetPlatform
[2020.10.09-20.42.33:542][  0]LogTemp: Display: Loaded TP Android_ASTCTargetPlatform
[2020.10.09-20.42.33:581][  0]LogTemp: Display: Loaded TP Android_ATCTargetPlatform
[2020.10.09-20.42.33:619][  0]LogTemp: Display: Loaded TP Android_DXTTargetPlatform
[2020.10.09-20.42.33:658][  0]LogTemp: Display: Loaded TP Android_ETC1TargetPlatform
[2020.10.09-20.42.33:697][  0]LogTemp: Display: Loaded TP Android_ETC2TargetPlatform
[2020.10.09-20.42.33:775][  0]LogTemp: Display: Loaded TP Android_MultiTargetPlatform
[2020.10.09-20.42.33:775][  0]LogTemp: Display: Loaded TP Android_PVRTCTargetPlatform
[2020.10.09-20.42.33:815][  0]LogTemp: Display: Loaded TP AndroidTargetPlatform
[2020.10.09-20.42.33:845][  0]LogTemp: Display: Loaded TP HTML5TargetPlatform
[2020.10.09-20.42.33:921][  0]LogTemp: Display: Loaded TP IOSTargetPlatform
[2020.10.09-20.42.33:944][  0]LogTemp: Display: Loaded TP TVOSTargetPlatform
[2020.10.09-20.42.33:984][  0]LogTemp: Display: Loaded TP LinuxClientTargetPlatform
[2020.10.09-20.42.34:023][  0]LogTemp: Display: Loaded TP LinuxNoEditorTargetPlatform
[2020.10.09-20.42.34:062][  0]LogTemp: Display: Loaded TP LinuxServerTargetPlatform
[2020.10.09-20.42.34:101][  0]LogTemp: Display: Loaded TP LinuxTargetPlatform
[2020.10.09-20.42.34:101][  0]LogTargetPlatformManager: Display: Building Assets For Windows
[2020.10.09-20.42.34:462][  0]LogDerivedDataCache: Display: Max Cache Size: 512 MB
[2020.10.09-20.42.34:516][  0]LogDerivedDataCache: Loaded boot cache 0.05s 78MB C:/Users/joelg/AppData/Local/UnrealEngine/4.18/DerivedDataCache/Boot.ddc.
[2020.10.09-20.42.34:516][  0]LogDerivedDataCache: Display: Loaded Boot cache: C:/Users/joelg/AppData/Local/UnrealEngine/4.18/DerivedDataCache/Boot.ddc
[2020.10.09-20.42.34:517][  0]LogDerivedDataCache: FDerivedDataBackendGraph:  Pak pak cache file C:/proyectos/UDEMY/Desarrollo-de-juegos-con-Unreal-Engine-4-de-0-a-profesional-/CursoUE4_Udemy/DerivedDataCache/DDC.ddp not found, will not use a pak cache.
[2020.10.09-20.42.34:517][  0]LogDerivedDataCache: Unable to find inner node Pak for hierarchical cache Hierarchy.
[2020.10.09-20.42.34:517][  0]LogDerivedDataCache: FDerivedDataBackendGraph:  CompressedPak pak cache file C:/proyectos/UDEMY/Desarrollo-de-juegos-con-Unreal-Engine-4-de-0-a-profesional-/CursoUE4_Udemy/DerivedDataCache/Compressed.ddp not found, will not use a pak cache.
[2020.10.09-20.42.34:517][  0]LogDerivedDataCache: Unable to find inner node CompressedPak for hierarchical cache Hierarchy.
[2020.10.09-20.42.34:534][  0]LogDerivedDataCache: Display: Pak cache opened for reading ../../../Engine/DerivedDataCache/Compressed.ddp.
[2020.10.09-20.42.34:546][  0]LogDerivedDataCache: Using Local data cache path C:/Users/joelg/AppData/Local/UnrealEngine/Common/DerivedDataCache: Writable
[2020.10.09-20.42.34:554][  0]LogMaterial: Verifying Global Shaders for PCD3D_SM5
[2020.10.09-20.42.34:554][  0]LogSlate: Using Freetype 2.6.0
[2020.10.09-20.42.34:555][  0]LogSlate: SlateFontCache - WITH_FREETYPE: 1, WITH_HARFBUZZ: 1
[2020.10.09-20.42.34:555][  0]LogSlate: SlateFontCache - WITH_FREETYPE: 1, WITH_HARFBUZZ: 1
[2020.10.09-20.42.34:858][  0]LogInit: Selected Device Profile: [Windows]
[2020.10.09-20.42.35:100][  0]LogSimplygon: Simplygon DLL not present - disabling.
[2020.10.09-20.42.35:130][  0]LogMeshReduction: Using SimplygonSwarm for distributed automatic mesh merging
[2020.10.09-20.42.35:130][  0]LogMeshReduction: Using QuadricMeshReduction for automatic static mesh reduction
[2020.10.09-20.42.35:130][  0]LogMeshReduction: No automatic skeletal mesh reduction module available
[2020.10.09-20.42.35:130][  0]LogMeshReduction: No automatic mesh merging module available
[2020.10.09-20.42.35:130][  0]LogMeshMerging: No automatic mesh merging module available
[2020.10.09-20.42.35:150][  0]LogNetVersion: CursoUE4_Udemy , NetCL: 3709383, EngineNetVer: 2, GameNetVer: 0 (Checksum: 561639848)
[2020.10.09-20.42.35:271][  0]LogAssetRegistry: FAssetRegistry took 0.0260 seconds to start up
[2020.10.09-20.42.35:603][  0]LogPackageLocalizationCache: Processed 7 localized package path(s) for 2 prioritized culture(s) in 0.032263 seconds
[2020.10.09-20.42.35:607][  0]LogUObjectArray: 35870 objects as part of root set at end of initial load.
[2020.10.09-20.42.35:607][  0]LogUObjectAllocator: 7363704 out of 0 bytes used by permanent object pool.
[2020.10.09-20.42.35:607][  0]LogUObjectArray: CloseDisregardForGC: 0/0 objects in disregard for GC pool
[2020.10.09-20.42.35:650][  0]LogInit: WinSock: version 1.1 (2.2), MaxSocks=32767, MaxUdp=65467
[2020.10.09-20.42.37:629][  0]LogTcpMessaging: Initializing TcpMessaging bridge
[2020.10.09-20.42.37:664][  0]LogUdpMessaging: Initializing bridge on interface 0.0.0.0:0 to multicast group 230.0.0.1:6666.
[2020.10.09-20.42.38:168][  0]LogMaterial: Uniform references updated for custom material expression Custom.
[2020.10.09-20.42.38:464][  0]SourceControl: Source control is disabled
[2020.10.09-20.42.38:464][  0]SourceControl: Source control is disabled
[2020.10.09-20.42.38:503][  0]SourceControl: Source control is disabled
[2020.10.09-20.42.38:543][  0]SourceControl: Source control is disabled
[2020.10.09-20.42.39:145][  0]LogAndroidPermission: UAndroidPermissionCallbackProxy::GetInstance
[2020.10.09-20.42.39:340][  0]LogOcInput: OculusInput pre-init called
[2020.10.09-20.42.39:555][  0]LogEngine: Initializing Engine...
[2020.10.09-20.42.39:557][  0]LogHMD: Failed to initialize OpenVR with code 110
[2020.10.09-20.42.39:694][  0]LogStats: UGameplayTagsManager::ConstructGameplayTagTree: Construct from data asset -  0.000 s
[2020.10.09-20.42.39:694][  0]LogStats: UGameplayTagsManager::ConstructGameplayTagTree: GameplayTagTreeChangedEvent.Broadcast -  0.000 s
[2020.10.09-20.42.39:786][  0]LogAIModule: Creating AISystem for world Untitled
[2020.10.09-20.42.39:807][  0]LogInit: XAudio2 using 'Speakers (Realtek(R) Audio)' : 2 channels at 48 kHz using 32 bits per sample (channel mask 0x3)
[2020.10.09-20.42.39:829][  0]LogInit: FAudioDevice initialized.
[2020.10.09-20.42.39:918][  0]LogDerivedDataCache: Saved boot cache 0.09s 78MB C:/Users/joelg/AppData/Local/UnrealEngine/4.18/DerivedDataCache/Boot.ddc.
[2020.10.09-20.42.39:932][  0]LogInit: Texture streaming: Enabled
[2020.10.09-20.42.40:011][  0]LogEngineSessionManager: EngineSessionManager initialized
[2020.10.09-20.42.40:106][  0]LogInit: Transaction tracking system initialized
[2020.10.09-20.42.40:333][  0]BlueprintLog: New page: Editor Load
[2020.10.09-20.42.40:986][  0]LocalizationService: Localization service is disabled
[2020.10.09-20.42.41:536][  0]LogConsoleResponse: Display: 
[2020.10.09-20.42.41:646][  0]LogCook: Display: Max memory allowance for cook 16384mb min free memory 0mb
[2020.10.09-20.42.41:646][  0]LogCook: Display: Mobile HDR setting 1
[2020.10.09-20.42.41:646][  0]LogGameplayTags: Display: UGameplayTagsManager::DoneAddingNativeTags. DelegateIsBound: 0
[2020.10.09-20.42.42:497][  0]LogFileCache: Scanning file cache for directory 'C:/proyectos/UDEMY/Desarrollo-de-juegos-con-Unreal-Engine-4-de-0-a-profesional-/CursoUE4_Udemy/Content/' took 0.01s
[2020.10.09-20.42.42:532][  0]SourceControl: Source control is disabled
[2020.10.09-20.42.42:532][  0]LightingResults: New page: Lighting Build
[2020.10.09-20.42.42:562][  0]MapCheck: New page: Map Check
[2020.10.09-20.42.42:562][  0]LightingResults: New page: Lighting Build
[2020.10.09-20.42.42:926][  0]LogAIModule: Creating AISystem for world FirstPersonExampleMap
[2020.10.09-20.42.42:936][  0]LogEditorServer: Finished looking for orphan Actors (0.000 secs)
[2020.10.09-20.42.42:945][  0]Cmd: MAP CHECKDEP NOCLEARLOG
[2020.10.09-20.42.42:981][  0]MapCheck: Map check complete: 0 Error(s), 0 Warning(s), took 35.976ms to complete.
[2020.10.09-20.42.42:981][  0]LogFileHelpers: Loading map 'FirstPersonExampleMap' took 0.449
[2020.10.09-20.42.43:122][  0]LogCollectionManager: Loaded 0 collections in 0.000882 seconds
[2020.10.09-20.42.43:191][  0]LogFileCache: Scanning file cache for directory 'C:/proyectos/UDEMY/Desarrollo-de-juegos-con-Unreal-Engine-4-de-0-a-profesional-/CursoUE4_Udemy/Saved/Collections/' took 0.01s
[2020.10.09-20.42.43:191][  0]LogFileCache: Scanning file cache for directory 'C:/proyectos/UDEMY/Desarrollo-de-juegos-con-Unreal-Engine-4-de-0-a-profesional-/CursoUE4_Udemy/Content/Developers/joelg/Collections/' took 0.01s
[2020.10.09-20.42.43:191][  0]LogFileCache: Scanning file cache for directory 'C:/proyectos/UDEMY/Desarrollo-de-juegos-con-Unreal-Engine-4-de-0-a-profesional-/CursoUE4_Udemy/Content/Collections/' took 0.01s
[2020.10.09-20.42.43:191][  0]LogCollectionManager: Rebuilt the GUID cache for 0 collections in 0.000000 seconds
[2020.10.09-20.42.43:199][  0]LogContentBrowser: Native class hierarchy populated in 0.0078 seconds. Added 2363 classes and 519 folders.
[2020.10.09-20.42.43:250][  0]LogContentBrowser: Native class hierarchy updated for 'WidgetCarousel' in 0.0002 seconds. Added 0 classes and 0 folders.
[2020.10.09-20.42.43:277][  0]LogContentBrowser: Native class hierarchy updated for 'AddContentDialog' in 0.0002 seconds. Added 0 classes and 0 folders.
[2020.10.09-20.42.43:310][  0]LogContentBrowser: Native class hierarchy updated for 'SceneOutliner' in 0.0002 seconds. Added 1 classes and 2 folders.
[2020.10.09-20.42.43:324][  0]LogSlate: Took 0.000201 seconds to synchronously load lazily loaded font '../../../Engine/Content/Slate/Fonts/Roboto-Regular.ttf' (155K)
[2020.10.09-20.42.43:325][  0]LogSlate: Took 0.000107 seconds to synchronously load lazily loaded font '../../../Engine/Content/Slate/Fonts/Roboto-Bold.ttf' (160K)
[2020.10.09-20.42.43:329][  0]LogSlate: Took 0.000128 seconds to synchronously load lazily loaded font '../../../Engine/Content/Editor/Slate/Fonts/FontAwesome.ttf' (139K)
[2020.10.09-20.42.43:398][  0]LogRenderer: Reallocating scene render targets to support 1208x600 Format 10 NumSamples 1 (Frame:1).
[2020.10.09-20.42.43:556][  0]LogContentBrowser: Native class hierarchy updated for 'HierarchicalLODOutliner' in 0.0003 seconds. Added 1 classes and 2 folders.
[2020.10.09-20.42.43:556][  0]LogLoad: (Engine Initialization) Total time: 14.55 seconds
[2020.10.09-20.42.43:556][  0]LogLoad: (Engine Initialization) Total Blueprint compile time: 0.00 seconds
[2020.10.09-20.42.43:556][  0]LogExternalProfiler: No external profilers were discovered.  External profiling features will not be available.
[2020.10.09-20.42.43:581][  0]LogAssetRegistry: Asset discovery search completed in 8.3324 seconds
[2020.10.09-20.42.43:582][  0]LogCollectionManager: Rebuilt the object cache for 0 collections in 0.000000 seconds (found 0 objects)
[2020.10.09-20.42.43:582][  0]LogCollectionManager: Fixed up redirectors for 0 collections in 0.000028 seconds (updated 0 objects)
[2020.10.09-20.42.43:585][  0]LogContentStreaming: Texture pool size now 1000 MB
[2020.10.09-20.42.43:682][  0]LogSlate: Took 0.000176 seconds to synchronously load lazily loaded font '../../../Engine/Content/Slate/Fonts/Roboto-Light.ttf' (159K)
[2020.10.09-20.44.41:443][565]LogEditorViewport: Clicking on Actor (LMB): StaticMeshActor (Floor)
[2020.10.09-20.44.46:546][171]LogUObjectGlobals: Warning: Failed to find object 'Object None.ActorDetails'
[2020.10.09-20.45.24:918][773]LogEditorViewport: Clicking on Actor (LMB): StaticMeshActor (Wall1)
[2020.10.09-20.45.26:982][999]LogRenderer: Reallocating scene render targets to support 1368x768 Format 10 NumSamples 1 (Frame:7524).
[2020.10.09-20.46.53:760][889]LogEditorViewport: Clicking on Actor (LMB): StaticMeshActor (Wall1)
[2020.10.09-20.47.55:539][247]LogEditorViewport: Clicking on Actor (LMB): StaticMeshActor (EditorCube8)
[2020.10.09-20.47.55:686][260]LogEditorViewport: Clicking on Component (LMB): StaticMeshComponent (StaticMeshComponent0)
[2020.10.09-20.47.56:671][376]LogEditorViewport: Clicking on Component (LMB): StaticMeshComponent (StaticMeshComponent0)
[2020.10.09-20.47.59:409][701]Cmd: TRANSACTION UNDO
[2020.10.09-20.47.59:409][701]LogEditorTransaction: Undo Move Components
[2020.10.09-20.47.59:419][701]LogSlate: Took 0.000219 seconds to synchronously load lazily loaded font '../../../Engine/Content/Slate/Fonts/Roboto-Light.ttf' (159K)
[2020.10.09-20.48.03:632][203]LogEditorViewport: Clicking on Actor (LMB): StaticMeshActor (EditorCube9)
[2020.10.09-20.48.04:917][354]LogEditorViewport: Clicking on Actor (LMB): LightmassImportanceVolume (LightmassImportanceVolume)
[2020.10.09-20.48.14:881][545]LogEditorViewport: Clicking on Actor (context menu): StaticMeshActor (EditorCube10)
[2020.10.09-20.48.16:289][708]LogEditorViewport: Clicking on Actor (LMB): StaticMeshActor (Floor)
[2020.10.09-20.49.18:840][199]LogEditorViewport: Clicking on Actor (LMB): StaticMeshActor (EditorCube21)
[2020.10.09-20.49.19:975][332]Cmd: CAMERA ALIGN ACTIVEVIEWPORTONLY
[2020.10.09-20.49.21:401][503]LogEditorViewport: Clicking on Actor (LMB): StaticMeshActor (EditorCube16)
[2020.10.09-20.49.21:594][523]Cmd: CAMERA ALIGN ACTIVEVIEWPORTONLY
[2020.10.09-20.49.22:706][656]LogEditorViewport: Clicking on Actor (LMB): StaticMeshActor (Wall2)
[2020.10.09-20.49.22:933][680]Cmd: CAMERA ALIGN ACTIVEVIEWPORTONLY
[2020.10.09-20.49.24:451][862]LogEditorViewport: Clicking on Actor (LMB): StaticMeshActor (BigWall2)
[2020.10.09-20.49.24:644][882]Cmd: CAMERA ALIGN ACTIVEVIEWPORTONLY
[2020.10.09-20.49.25:871][ 29]LogEditorViewport: Clicking on Actor (LMB): StaticMeshActor (Wall3)
[2020.10.09-20.49.26:248][ 71]Cmd: CAMERA ALIGN ACTIVEVIEWPORTONLY
[2020.10.09-20.49.27:658][240]LogEditorViewport: Clicking on Actor (LMB): StaticMeshActor (EditorCube14)
[2020.10.09-20.49.27:934][270]Cmd: CAMERA ALIGN ACTIVEVIEWPORTONLY
[2020.10.09-20.52.16:144][795]LogRenderer: Reallocating scene render targets to support 1368x768 Format 9 NumSamples 1 (Frame:46110).
[2020.10.09-20.52.16:180][798]LogContentStreaming: Texture pool size now 400 MB
[2020.10.09-20.52.26:365][  2]LogContentStreaming: Texture pool size now 600 MB
[2020.10.09-20.52.26:371][  3]LogRenderer: Reallocating scene render targets to support 1368x768 Format 9 NumSamples 1 (Frame:46111).
[2020.10.09-20.52.27:558][126]LogRenderer: Reallocating scene render targets to support 1368x768 Format 9 NumSamples 1 (Frame:46112).
[2020.10.09-20.52.27:583][128]LogContentStreaming: Texture pool size now 800 MB
[2020.10.09-20.52.28:632][254]LogRenderer: Reallocating scene render targets to support 1368x768 Format 10 NumSamples 1 (Frame:46113).
[2020.10.09-20.52.28:633][254]LogContentStreaming: Texture pool size now 1000 MB
[2020.10.09-20.52.29:569][366]LogRenderer: Reallocating scene render targets to support 1368x768 Format 10 NumSamples 1 (Frame:46114).
[2020.10.09-20.52.29:569][366]LogContentStreaming: Texture pool size now 3000 MB
[2020.10.09-20.53.04:824][595]LogTemp: Repeating last play command: Selected Viewport
[2020.10.09-20.53.04:844][595]LogBlueprintUserMessages: Early PlayInEditor Detection: Level '/Game/FirstPersonBP/Maps/FirstPersonExampleMap.FirstPersonExampleMap:PersistentLevel' has LevelScriptBlueprint '/Game/FirstPersonBP/Maps/FirstPersonExampleMap.FirstPersonExampleMap:PersistentLevel.FirstPersonExampleMap' with GeneratedClass '/Game/FirstPersonBP/Maps/FirstPersonExampleMap.FirstPersonExampleMap_C' with ClassGeneratedBy '/Game/FirstPersonBP/Maps/FirstPersonExampleMap.FirstPersonExampleMap:PersistentLevel.FirstPersonExampleMap'
[2020.10.09-20.53.04:844][595]LogPlayLevel: PlayLevel: No blueprints needed recompiling
[2020.10.09-20.53.04:845][595]PIE: New page: PIE session: FirstPersonExampleMap (10/09/2020 6:53:04)
[2020.10.09-20.53.04:845][595]LogPlayLevel: Creating play world package: /Game/FirstPersonBP/Maps/UEDPIE_0_FirstPersonExampleMap
[2020.10.09-20.53.04:863][595]LogPlayLevel: PIE: StaticDuplicateObject took: (0.019028s)
[2020.10.09-20.53.04:864][595]LogAIModule: Creating AISystem for world FirstPersonExampleMap
[2020.10.09-20.53.04:864][595]LogPlayLevel: PIE: World Init took: (0.000803s)
[2020.10.09-20.53.04:864][595]LogPlayLevel: PIE: Created PIE world by copying editor world from /Game/FirstPersonBP/Maps/FirstPersonExampleMap.FirstPersonExampleMap to /Game/FirstPersonBP/Maps/UEDPIE_0_FirstPersonExampleMap.FirstPersonExampleMap (0.020072s)
[2020.10.09-20.53.04:892][595]LogInit: XAudio2 using 'Speakers (Realtek(R) Audio)' : 2 channels at 48 kHz using 32 bits per sample (channel mask 0x3)
[2020.10.09-20.53.04:908][595]LogInit: FAudioDevice initialized.
[2020.10.09-20.53.04:949][595]LogLoad: Game class is 'FirstPersonGameMode_C'
[2020.10.09-20.53.04:951][595]LogWorld: Bringing World /Game/FirstPersonBP/Maps/UEDPIE_0_FirstPersonExampleMap.FirstPersonExampleMap up for play (max tick rate 0) at 2020.10.09-13.53.04
[2020.10.09-20.53.04:951][595]LogWorld: Bringing up level for play took: 0.001652
[2020.10.09-20.53.04:982][595]LogContentBrowser: Native class hierarchy updated for 'MovieSceneCapture' in 0.0003 seconds. Added 11 classes and 0 folders.
[2020.10.09-20.53.04:983][595]PIE: Play in editor start time for /Game/FirstPersonBP/Maps/UEDPIE_0_FirstPersonExampleMap -0.155
[2020.10.09-20.53.04:983][595]LogBlueprintUserMessages: Late PlayInEditor Detection: Level '/Game/FirstPersonBP/Maps/FirstPersonExampleMap.FirstPersonExampleMap:PersistentLevel' has LevelScriptBlueprint '/Game/FirstPersonBP/Maps/FirstPersonExampleMap.FirstPersonExampleMap:PersistentLevel.FirstPersonExampleMap' with GeneratedClass '/Game/FirstPersonBP/Maps/FirstPersonExampleMap.FirstPersonExampleMap_C' with ClassGeneratedBy '/Game/FirstPersonBP/Maps/FirstPersonExampleMap.FirstPersonExampleMap:PersistentLevel.FirstPersonExampleMap'
[2020.10.09-20.53.13:994][673]LogBlueprintUserMessages: Early EndPlayMap Detection: Level '/Game/FirstPersonBP/Maps/FirstPersonExampleMap.FirstPersonExampleMap:PersistentLevel' has LevelScriptBlueprint '/Game/FirstPersonBP/Maps/FirstPersonExampleMap.FirstPersonExampleMap:PersistentLevel.FirstPersonExampleMap' with GeneratedClass '/Game/FirstPersonBP/Maps/FirstPersonExampleMap.FirstPersonExampleMap_C' with ClassGeneratedBy '/Game/FirstPersonBP/Maps/FirstPersonExampleMap.FirstPersonExampleMap:PersistentLevel.FirstPersonExampleMap'
[2020.10.09-20.53.14:024][673]LogBlueprintUserMessages: Late EndPlayMap Detection: Level '/Game/FirstPersonBP/Maps/FirstPersonExampleMap.FirstPersonExampleMap:PersistentLevel' has LevelScriptBlueprint '/Game/FirstPersonBP/Maps/FirstPersonExampleMap.FirstPersonExampleMap:PersistentLevel.FirstPersonExampleMap' with GeneratedClass '/Game/FirstPersonBP/Maps/FirstPersonExampleMap.FirstPersonExampleMap_C' with ClassGeneratedBy '/Game/FirstPersonBP/Maps/FirstPersonExampleMap.FirstPersonExampleMap:PersistentLevel.FirstPersonExampleMap'
[2020.10.09-20.53.38:956][661]LogSlate: Took 0.000144 seconds to synchronously load lazily loaded font '../../../Engine/Content/Slate/Fonts/Roboto-Light.ttf' (159K)
[2020.10.09-20.53.39:108][661]LogSavePackage: Save=123.80ms
[2020.10.09-20.53.39:108][661]LogSavePackage: Moving 'C:/proyectos/UDEMY/Desarrollo-de-juegos-con-Unreal-Engine-4-de-0-a-profesional-/CursoUE4_Udemy/Saved/FirstPersonExampleMap_Auto1215D8D634D7352CE1ADC8BB99D23C508.tmp' to 'C:/proyectos/UDEMY/Desarrollo-de-juegos-con-Unreal-Engine-4-de-0-a-profesional-/CursoUE4_Udemy/Saved/Autosaves/Game/FirstPersonBP/Maps/FirstPersonExampleMap_Auto1.umap'
[2020.10.09-20.53.39:109][661]LogSavePackage: Display: Finished SavePackage C:/proyectos/UDEMY/Desarrollo-de-juegos-con-Unreal-Engine-4-de-0-a-profesional-/CursoUE4_Udemy/Saved/Autosaves/Game/FirstPersonBP/Maps/FirstPersonExampleMap_Auto1.umap
[2020.10.09-20.53.39:111][661]LogFileHelpers: Editor autosave (incl. sublevels) for '/Game/FirstPersonBP/Maps/FirstPersonExampleMap' took 0.143
[2020.10.09-20.53.39:111][661]LogFileHelpers: Editor autosave (incl. sublevels) for all levels took 0.143
[2020.10.09-20.55.12:569][867]LogInit: XAudio2 using 'Speakers (4- SADES Luna)' : 2 channels at 48 kHz using 16 bits per sample (channel mask 0x3)
[2020.10.09-20.55.12:700][868]LogInit: XAudio2 using 'Speakers (4- SADES Luna)' : 2 channels at 48 kHz using 16 bits per sample (channel mask 0x3)
[2020.10.09-21.02.26:832][210]LogSavePackage: Save=108.97ms
[2020.10.09-21.02.26:833][210]LogSavePackage: Moving 'C:/proyectos/UDEMY/Desarrollo-de-juegos-con-Unreal-Engine-4-de-0-a-profesional-/CursoUE4_Udemy/Saved/FirstPersonExampleMap963109BC42AF9B09A9B10FBA75BF8A94.tmp' to 'C:/proyectos/UDEMY/Desarrollo-de-juegos-con-Unreal-Engine-4-de-0-a-profesional-/CursoUE4_Udemy/Content/FirstPersonBP/Maps/FirstPersonExampleMap.umap'
[2020.10.09-21.02.26:835][210]LogSavePackage: Display: Finished SavePackage C:/proyectos/UDEMY/Desarrollo-de-juegos-con-Unreal-Engine-4-de-0-a-profesional-/CursoUE4_Udemy/Content/FirstPersonBP/Maps/FirstPersonExampleMap.umap
[2020.10.09-21.02.26:840][210]LogFileHelpers: Saving map 'FirstPersonExampleMap' took 0.172
[2020.10.09-21.02.27:024][211]Cmd: QUIT_EDITOR
[2020.10.09-21.02.27:984][211]LogWindowsTextInputMethodSystem: Display: IME system now deactivated.
[2020.10.09-21.02.27:993][211]LogExit: Preparing to exit.
[2020.10.09-21.02.28:519][211]LogExit: Editor shut down
[2020.10.09-21.02.28:526][211]LogExit: Transaction tracking system shut down
[2020.10.09-21.02.28:658][211]LogDirectoryWatcher: A directory notification for '../../../Engine/Content/' was aborted.
[2020.10.09-21.02.28:658][211]LogDirectoryWatcher: A directory notification for 'C:/proyectos/UDEMY/Desarrollo-de-juegos-con-Unreal-Engine-4-de-0-a-profesional-/CursoUE4_Udemy/Content/' was aborted.
[2020.10.09-21.02.28:659][211]LogDirectoryWatcher: A directory notification for '../../../Engine/Plugins/2D/Paper2D/Content/' was aborted.
[2020.10.09-21.02.28:659][211]LogDirectoryWatcher: A directory notification for '../../../Engine/Plugins/Media/MediaCompositing/Content/' was aborted.
[2020.10.09-21.02.28:659][211]LogDirectoryWatcher: A directory notification for '../../../Engine/Plugins/Runtime/AppleARKit/Content/' was aborted.
[2020.10.09-21.02.28:659][211]LogDirectoryWatcher: A directory notification for '../../../Engine/Plugins/Runtime/Oculus/OculusVR/Content/' was aborted.
[2020.10.09-21.02.28:659][211]LogDirectoryWatcher: A directory notification for '../../../Engine/Plugins/Runtime/Steam/SteamVR/Content/' was aborted.
[2020.10.09-21.02.28:699][211]LogExit: Object subsystem successfully closed.
[2020.10.09-21.02.28:710][211]LogD3D11RHI: Shutdown
[2020.10.09-21.02.28:711][211]LogD3D11RHI: CleanupD3DDevice
[2020.10.09-21.02.28:713][211]LogD3D11RHI: ~FD3D11DynamicRHI
[2020.10.09-21.02.28:721][211]LogModuleManager: Shutting down and abandoning module MovieSceneCapture (550)
[2020.10.09-21.02.28:722][211]LogModuleManager: Shutting down and abandoning module HierarchicalLODOutliner (548)
[2020.10.09-21.02.28:722][211]LogModuleManager: Shutting down and abandoning module SceneOutliner (546)
[2020.10.09-21.02.28:722][211]LogModuleManager: Shutting down and abandoning module AddContentDialog (544)
[2020.10.09-21.02.28:722][211]LogDirectoryWatcher: A directory notification for 'E:/Epic Games/UE_4.18/FeaturePacks/' was aborted.
[2020.10.09-21.02.28:723][211]LogModuleManager: Shutting down and abandoning module WidgetCarousel (543)
[2020.10.09-21.02.28:723][211]LogModuleManager: Shutting down and abandoning module EditorWidgets (540)
[2020.10.09-21.02.28:723][211]LogModuleManager: Shutting down and abandoning module CollectionManager (538)
[2020.10.09-21.02.28:723][211]LogDirectoryWatcher: A directory notification for 'C:/proyectos/UDEMY/Desarrollo-de-juegos-con-Unreal-Engine-4-de-0-a-profesional-/CursoUE4_Udemy/Content/Collections/' was aborted.
[2020.10.09-21.02.28:723][211]LogDirectoryWatcher: A directory notification for 'C:/proyectos/UDEMY/Desarrollo-de-juegos-con-Unreal-Engine-4-de-0-a-profesional-/CursoUE4_Udemy/Content/Developers/joelg/Collections/' was aborted.
[2020.10.09-21.02.28:723][211]LogDirectoryWatcher: A directory notification for 'C:/proyectos/UDEMY/Desarrollo-de-juegos-con-Unreal-Engine-4-de-0-a-profesional-/CursoUE4_Udemy/Saved/Collections/' was aborted.
[2020.10.09-21.02.28:723][211]LogModuleManager: Shutting down and abandoning module StatsViewer (536)
[2020.10.09-21.02.28:723][211]LogModuleManager: Shutting down and abandoning module FoliageEdit (534)
[2020.10.09-21.02.28:723][211]LogModuleManager: Shutting down and abandoning module LandscapeEditor (532)
[2020.10.09-21.02.28:723][211]LogModuleManager: Shutting down and abandoning module MeshPaintMode (530)
[2020.10.09-21.02.28:723][211]LogModuleManager: Shutting down and abandoning module SceneDepthPickerMode (528)
[2020.10.09-21.02.28:724][211]LogModuleManager: Shutting down and abandoning module ActorPickerMode (526)
[2020.10.09-21.02.28:724][211]LogModuleManager: Shutting down and abandoning module GeometryMode (524)
[2020.10.09-21.02.28:724][211]LogModuleManager: Shutting down and abandoning module TextureAlignMode (522)
[2020.10.09-21.02.28:724][211]LogModuleManager: Shutting down and abandoning module BspMode (520)
[2020.10.09-21.02.28:724][211]LogModuleManager: Shutting down and abandoning module PIEPreviewDeviceProfileSelector (518)
[2020.10.09-21.02.28:724][211]LogModuleManager: Shutting down and abandoning module HardwareSurvey (516)
[2020.10.09-21.02.28:724][211]LogModuleManager: Shutting down and abandoning module SequenceRecorderSections (514)
[2020.10.09-21.02.28:724][211]LogModuleManager: Shutting down and abandoning module AutomationWorker (512)
[2020.10.09-21.02.28:724][211]LogModuleManager: Shutting down and abandoning module MatineeToLevelSequence (510)
[2020.10.09-21.02.28:724][211]LogModuleManager: Shutting down and abandoning module LevelSequenceEditor (508)
[2020.10.09-21.02.28:724][211]LogModuleManager: Shutting down and abandoning module PlacementMode (507)
[2020.10.09-21.02.28:724][211]LogModuleManager: Shutting down and abandoning module WmfMediaFactory (504)
[2020.10.09-21.02.28:724][211]LogModuleManager: Shutting down and abandoning module WmfMediaEditor (502)
[2020.10.09-21.02.28:724][211]LogModuleManager: Shutting down and abandoning module OpenExrWrapper (500)
[2020.10.09-21.02.28:724][211]LogModuleManager: Shutting down and abandoning module ImgMediaFactory (498)
[2020.10.09-21.02.28:724][211]LogModuleManager: Shutting down and abandoning module ImgMediaEditor (496)
[2020.10.09-21.02.28:724][211]LogModuleManager: Shutting down and abandoning module AvfMediaFactory (494)
[2020.10.09-21.02.28:724][211]LogModuleManager: Shutting down and abandoning module AvfMediaEditor (492)
[2020.10.09-21.02.28:724][211]LogModuleManager: Shutting down and abandoning module AndroidMediaFactory (490)
[2020.10.09-21.02.28:724][211]LogModuleManager: Shutting down and abandoning module AndroidMediaEditor (488)
[2020.10.09-21.02.28:724][211]LogModuleManager: Shutting down and abandoning module CharacterAI (486)
[2020.10.09-21.02.28:724][211]LogModuleManager: Shutting down and abandoning module AudioCapture (484)
[2020.10.09-21.02.28:724][211]LogModuleManager: Shutting down and abandoning module SequenceRecorder (483)
[2020.10.09-21.02.28:724][211]LogModuleManager: Shutting down and abandoning module SmartSnapping (480)
[2020.10.09-21.02.28:724][211]LogModuleManager: Shutting down and abandoning module SessionServices (478)
[2020.10.09-21.02.28:724][211]LogModuleManager: Shutting down and abandoning module ViewportSnapping (476)
[2020.10.09-21.02.28:724][211]LogModuleManager: Shutting down and abandoning module ViewportInteraction (474)
[2020.10.09-21.02.28:724][211]LogModuleManager: Shutting down and abandoning module ClothPainter (472)
[2020.10.09-21.02.28:724][211]LogModuleManager: Shutting down and abandoning module SkeletalMeshEditor (471)
[2020.10.09-21.02.28:724][211]LogModuleManager: Shutting down and abandoning module LogVisualizer (468)
[2020.10.09-21.02.28:724][211]LogModuleManager: Shutting down and abandoning module IntroTutorials (466)
[2020.10.09-21.02.28:724][211]LogModuleManager: Shutting down and abandoning module GameProjectGeneration (465)
[2020.10.09-21.02.28:724][211]LogModuleManager: Shutting down and abandoning module IOSPlatformEditor (462)
[2020.10.09-21.02.28:724][211]LogModuleManager: Shutting down and abandoning module HTML5PlatformEditor (460)
[2020.10.09-21.02.28:724][211]LogModuleManager: Shutting down and abandoning module AndroidPlatformEditor (458)
[2020.10.09-21.02.28:724][211]LogModuleManager: Shutting down and abandoning module AndroidDeviceDetection (457)
[2020.10.09-21.02.29:085][211]LogModuleManager: Shutting down and abandoning module WindowsPlatformEditor (454)
[2020.10.09-21.02.29:085][211]LogModuleManager: Shutting down and abandoning module IOSRuntimeSettings (452)
[2020.10.09-21.02.29:085][211]LogModuleManager: Shutting down and abandoning module AndroidRuntimeSettings (450)
[2020.10.09-21.02.29:085][211]LogModuleManager: Shutting down and abandoning module InputBindingEditor (448)
[2020.10.09-21.02.29:085][211]LogModuleManager: Shutting down and abandoning module MergeActors (446)
[2020.10.09-21.02.29:085][211]LogModuleManager: Shutting down and abandoning module SizeMap (444)
[2020.10.09-21.02.29:085][211]LogModuleManager: Shutting down and abandoning module TreeMap (442)
[2020.10.09-21.02.29:085][211]LogModuleManager: Shutting down and abandoning module ReferenceViewer (440)
[2020.10.09-21.02.29:085][211]LogModuleManager: Shutting down and abandoning module LocalizationDashboard (438)
[2020.10.09-21.02.29:086][211]LogModuleManager: Shutting down and abandoning module LocalizationService (437)
[2020.10.09-21.02.29:086][211]LogModuleManager: Shutting down and abandoning module HardwareTargeting (434)
[2020.10.09-21.02.29:086][211]LogModuleManager: Shutting down and abandoning module DeviceProfileEditor (432)
[2020.10.09-21.02.29:086][211]LogModuleManager: Shutting down and abandoning module UndoHistory (430)
[2020.10.09-21.02.29:086][211]LogModuleManager: Shutting down and abandoning module XmlParser (428)
[2020.10.09-21.02.29:086][211]LogModuleManager: Shutting down and abandoning module Blutility (426)
[2020.10.09-21.02.29:086][211]LogModuleManager: Shutting down and abandoning module ProjectSettingsViewer (424)
[2020.10.09-21.02.29:086][211]LogModuleManager: Shutting down and abandoning module ProjectTargetPlatformEditor (423)
[2020.10.09-21.02.29:086][211]LogModuleManager: Shutting down and abandoning module EditorSettingsViewer (420)
[2020.10.09-21.02.29:086][211]LogModuleManager: Shutting down and abandoning module SettingsEditor (418)
[2020.10.09-21.02.29:086][211]LogModuleManager: Shutting down and abandoning module ProjectLauncher (416)
[2020.10.09-21.02.29:086][211]LogModuleManager: Shutting down and abandoning module SessionFrontend (414)
[2020.10.09-21.02.29:086][211]LogModuleManager: Shutting down and abandoning module ProfilerClient (412)
[2020.10.09-21.02.29:086][211]LogModuleManager: Shutting down and abandoning module DeviceManager (410)
[2020.10.09-21.02.29:086][211]LogModuleManager: Shutting down and abandoning module TargetDeviceServices (409)
[2020.10.09-21.02.29:141][211]LogModuleManager: Shutting down and abandoning module AutomationController (406)
[2020.10.09-21.02.29:141][211]LogModuleManager: Shutting down and abandoning module AutomationWindow (404)
[2020.10.09-21.02.29:141][211]LogModuleManager: Shutting down and abandoning module Layers (402)
[2020.10.09-21.02.29:141][211]LogModuleManager: Shutting down and abandoning module ComponentVisualizers (400)
[2020.10.09-21.02.29:141][211]LogModuleManager: Shutting down and abandoning module DetailCustomizations (398)
[2020.10.09-21.02.29:141][211]LogModuleManager: Shutting down and abandoning module PackagesDialog (396)
[2020.10.09-21.02.29:141][211]LogModuleManager: Shutting down and abandoning module Persona (394)
[2020.10.09-21.02.29:141][211]LogModuleManager: Shutting down and abandoning module AdvancedPreviewScene (393)
[2020.10.09-21.02.29:141][211]LogModuleManager: Shutting down and abandoning module AnimGraph (391)
[2020.10.09-21.02.29:141][211]LogModuleManager: Shutting down and abandoning module Kismet (388)
[2020.10.09-21.02.29:142][211]LogModuleManager: Shutting down and abandoning module ClassViewer (386)
[2020.10.09-21.02.29:142][211]LogModuleManager: Shutting down and abandoning module Toolbox (384)
[2020.10.09-21.02.29:142][211]LogModuleManager: Shutting down and abandoning module ModuleUI (382)
[2020.10.09-21.02.29:142][211]LogModuleManager: Shutting down and abandoning module MovieSceneTools (380)
[2020.10.09-21.02.29:142][211]LogModuleManager: Shutting down and abandoning module OutputLog (378)
[2020.10.09-21.02.29:142][211]LogModuleManager: Shutting down and abandoning module GammaUI (376)
[2020.10.09-21.02.29:142][211]LogModuleManager: Shutting down and abandoning module Documentation (374)
[2020.10.09-21.02.29:142][211]LogModuleManager: Shutting down and abandoning module MovieSceneTracks (372)
[2020.10.09-21.02.29:142][211]LogModuleManager: Shutting down and abandoning module MovieScene (370)
[2020.10.09-21.02.29:142][211]LogModuleManager: Shutting down and abandoning module StreamingPauseRendering (368)
[2020.10.09-21.02.29:142][211]LogModuleManager: Shutting down and abandoning module LauncherPlatform (366)
[2020.10.09-21.02.29:142][211]LogModuleManager: Shutting down and abandoning module AnalyticsET (364)
[2020.10.09-21.02.29:142][211]LogModuleManager: Shutting down and abandoning module PortalServices (362)
[2020.10.09-21.02.29:142][211]LogModuleManager: Shutting down and abandoning module PortalRpc (360)
[2020.10.09-21.02.29:142][211]LogModuleManager: Shutting down and abandoning module MessagingRpc (358)
[2020.10.09-21.02.29:142][211]LogModuleManager: Shutting down and abandoning module AIModule (356)
[2020.10.09-21.02.29:142][211]LogModuleManager: Shutting down and abandoning module GameplayDebugger (355)
[2020.10.09-21.02.29:142][211]LogModuleManager: Shutting down and abandoning module AITestSuite (353)
[2020.10.09-21.02.29:142][211]LogModuleManager: Shutting down and abandoning module DesktopPlatform (350)
[2020.10.09-21.02.29:142][211]LogModuleManager: Shutting down and abandoning module ProfilerService (348)
[2020.10.09-21.02.29:328][211]LogModuleManager: Shutting down and abandoning module TaskGraph (346)
[2020.10.09-21.02.29:328][211]LogModuleManager: Shutting down and abandoning module SteamVRController (344)
[2020.10.09-21.02.29:328][211]LogModuleManager: Shutting down and abandoning module ProceduralMeshComponentEditor (342)
[2020.10.09-21.02.29:328][211]LogModuleManager: Shutting down and abandoning module ProceduralMeshComponent (340)
[2020.10.09-21.02.29:328][211]LogModuleManager: Shutting down and abandoning module OculusInput (338)
[2020.10.09-21.02.29:328][211]LogModuleManager: Shutting down and abandoning module MobilePatchingUtils (336)
[2020.10.09-21.02.29:328][211]LogModuleManager: Shutting down and abandoning module CustomMeshComponent (334)
[2020.10.09-21.02.29:328][211]LogModuleManager: Shutting down and abandoning module CableComponent (332)
[2020.10.09-21.02.29:328][211]LogModuleManager: Shutting down and abandoning module ArchVisCharacter (330)
[2020.10.09-21.02.29:328][211]LogModuleManager: Shutting down and abandoning module AndroidPermission (328)
[2020.10.09-21.02.29:328][211]LogModuleManager: Shutting down and abandoning module ActorSequence (324)
[2020.10.09-21.02.29:328][211]LogModuleManager: Shutting down and abandoning module MediaPlayerEditor (322)
[2020.10.09-21.02.29:328][211]LogModuleManager: Shutting down and abandoning module MediaCompositingEditor (320)
[2020.10.09-21.02.29:328][211]LogModuleManager: Shutting down and abandoning module MediaCompositing (318)
[2020.10.09-21.02.29:328][211]LogModuleManager: Shutting down and abandoning module HTML5Networking (316)
[2020.10.09-21.02.29:328][211]LogModuleManager: Shutting down and abandoning module AlembicImporter (314)
[2020.10.09-21.02.29:329][211]LogModuleManager: Shutting down and abandoning module AlembicLibrary (313)
[2020.10.09-21.02.29:329][211]LogModuleManager: Shutting down and abandoning module GeometryCache (312)
[2020.10.09-21.02.29:329][211]LogModuleManager: Shutting down and abandoning module GeometryCacheEd (311)
[2020.10.09-21.02.29:329][211]LogModuleManager: Shutting down and abandoning module SpeedTreeImporter (306)
[2020.10.09-21.02.29:329][211]LogModuleManager: Shutting down and abandoning module PluginBrowser (304)
[2020.10.09-21.02.29:329][211]LogModuleManager: Shutting down and abandoning module MobileLauncherProfileWizard (302)
[2020.10.09-21.02.29:329][211]LogModuleManager: Shutting down and abandoning module VisualStudioSourceCodeAccess (300)
[2020.10.09-21.02.29:329][211]LogModuleManager: Shutting down and abandoning module VisualStudioCodeSourceCodeAccess (298)
[2020.10.09-21.02.29:329][211]LogModuleManager: Shutting down and abandoning module UObjectPlugin (296)
[2020.10.09-21.02.29:329][211]LogModuleManager: Shutting down and abandoning module SubversionSourceControl (294)
[2020.10.09-21.02.29:329][211]LogModuleManager: Shutting down and abandoning module PerforceSourceControl (292)
[2020.10.09-21.02.29:329][211]LogModuleManager: Shutting down and abandoning module GitSourceControl (290)
[2020.10.09-21.02.29:329][211]LogModuleManager: Shutting down and abandoning module SourceControl (289)
[2020.10.09-21.02.29:329][211]LogModuleManager: Shutting down and abandoning module LightPropagationVolumeEditor (286)
[2020.10.09-21.02.29:329][211]LogModuleManager: Shutting down and abandoning module PaperTiledImporter (284)
[2020.10.09-21.02.29:329][211]LogModuleManager: Shutting down and abandoning module PaperSpriteSheetImporter (282)
[2020.10.09-21.02.29:329][211]LogModuleManager: Shutting down and abandoning module Paper2DEditor (280)
[2020.10.09-21.02.29:329][211]LogModuleManager: Shutting down and abandoning module MeshPaint (279)
[2020.10.09-21.02.29:329][211]LogModuleManager: Shutting down and abandoning module LevelEditor (277)
[2020.10.09-21.02.29:330][211]LogModuleManager: Shutting down and abandoning module PixelInspectorModule (276)
[2020.10.09-21.02.29:330][211]LogModuleManager: Shutting down and abandoning module MainFrame (274)
[2020.10.09-21.02.29:330][211]LogModuleManager: Shutting down and abandoning module HotReload (273)
[2020.10.09-21.02.29:330][211]LogModuleManager: Shutting down and abandoning module RuntimePhysXCooking (268)
[2020.10.09-21.02.29:330][211]LogModuleManager: Shutting down and abandoning module PhysXVehiclesEditor (266)
[2020.10.09-21.02.29:330][211]LogModuleManager: Shutting down and abandoning module PhysXVehicles (264)
[2020.10.09-21.02.29:330][211]LogModuleManager: Shutting down and abandoning module OculusEditor (262)
[2020.10.09-21.02.29:330][211]LogModuleManager: Shutting down and abandoning module LocationServicesBPLibrary (260)
[2020.10.09-21.02.29:330][211]LogModuleManager: Shutting down and abandoning module ImmediatePhysicsEditor (258)
[2020.10.09-21.02.29:330][211]LogModuleManager: Shutting down and abandoning module ImmediatePhysics (256)
[2020.10.09-21.02.29:330][211]LogModuleManager: Shutting down and abandoning module UdpMessaging (254)
[2020.10.09-21.02.29:431][211]LogModuleManager: Shutting down and abandoning module TcpMessaging (252)
[2020.10.09-21.02.29:532][211]LogModuleManager: Shutting down and abandoning module GameplayTagsEditor (250)
[2020.10.09-21.02.29:532][211]LogModuleManager: Shutting down and abandoning module FacialAnimationEditor (248)
[2020.10.09-21.02.29:532][211]LogModuleManager: Shutting down and abandoning module FacialAnimation (246)
[2020.10.09-21.02.29:532][211]LogModuleManager: Shutting down and abandoning module AssetManagerEditor (244)
[2020.10.09-21.02.29:532][211]LogModuleManager: Shutting down and abandoning module GraphEditor (243)
[2020.10.09-21.02.29:532][211]LogModuleManager: Shutting down and abandoning module ContentBrowser (241)
[2020.10.09-21.02.29:533][211]LogModuleManager: Shutting down and abandoning module LightPropagationVolumeRuntime (238)
[2020.10.09-21.02.29:533][211]LogModuleManager: Shutting down and abandoning module Paper2D (236)
[2020.10.09-21.02.29:533][211]LogModuleManager: Shutting down and abandoning module WindowsMoviePlayer (234)
[2020.10.09-21.02.29:533][211]LogModuleManager: Shutting down and abandoning module WmfMedia (232)
[2020.10.09-21.02.29:534][211]LogModuleManager: Shutting down and abandoning module ImgMedia (230)
[2020.10.09-21.02.29:534][211]LogModuleManager: Shutting down and abandoning module PacketHandler (228)
[2020.10.09-21.02.29:534][211]LogModuleManager: Shutting down and abandoning module ClothingSystemEditor (226)
[2020.10.09-21.02.29:534][211]LogModuleManager: Shutting down and abandoning module ClothingSystemRuntime (224)
[2020.10.09-21.02.29:534][211]LogModuleManager: Shutting down and abandoning module MediaAssets (222)
[2020.10.09-21.02.29:534][211]LogModuleManager: Shutting down and abandoning module Media (221)
[2020.10.09-21.02.29:540][211]LogModuleManager: Shutting down and abandoning module Overlay (218)
[2020.10.09-21.02.29:540][211]LogModuleManager: Shutting down and abandoning module OverlayEditor (217)
[2020.10.09-21.02.29:540][211]LogModuleManager: Shutting down and abandoning module VREditor (214)
[2020.10.09-21.02.29:540][211]LogModuleManager: Shutting down and abandoning module StringTableEditor (212)
[2020.10.09-21.02.29:540][211]LogModuleManager: Shutting down and abandoning module GameplayTasksEditor (210)
[2020.10.09-21.02.29:540][211]LogModuleManager: Shutting down and abandoning module BehaviorTreeEditor (208)
[2020.10.09-21.02.29:540][211]LogModuleManager: Shutting down and abandoning module FunctionalTesting (206)
[2020.10.09-21.02.29:540][211]LogModuleManager: Shutting down and abandoning module CollisionAnalyzer (204)
[2020.10.09-21.02.29:540][211]LogModuleManager: Shutting down and abandoning module WorkspaceMenuStructure (203)
[2020.10.09-21.02.29:540][211]LogModuleManager: Shutting down and abandoning module UMG (200)
[2020.10.09-21.02.29:540][211]LogModuleManager: Shutting down and abandoning module UMGEditor (199)
[2020.10.09-21.02.29:540][211]LogModuleManager: Shutting down and abandoning module Sequencer (198)
[2020.10.09-21.02.29:540][211]LogModuleManager: Shutting down and abandoning module MessageLog (195)
[2020.10.09-21.02.29:540][211]LogModuleManager: Shutting down and abandoning module SlateReflector (190)
[2020.10.09-21.02.29:540][211]LogModuleManager: Shutting down and abandoning module Slate (188)
[2020.10.09-21.02.29:540][211]LogModuleManager: Shutting down and abandoning module EditorStyle (186)
[2020.10.09-21.02.29:542][211]LogModuleManager: Shutting down and abandoning module MRMesh (184)
[2020.10.09-21.02.29:542][211]LogModuleManager: Shutting down and abandoning module SourceCodeAccess (182)
[2020.10.09-21.02.29:542][211]LogModuleManager: Shutting down and abandoning module HeadMountedDisplay (180)
[2020.10.09-21.02.29:542][211]LogModuleManager: Shutting down and abandoning module XAudio2 (178)
[2020.10.09-21.02.29:542][211]LogModuleManager: Shutting down and abandoning module Networking (176)
[2020.10.09-21.02.29:542][211]LogModuleManager: Shutting down and abandoning module Core (172)
[2020.10.09-21.02.29:542][211]LogModuleManager: Shutting down and abandoning module LevelSequence (168)
[2020.10.09-21.02.29:542][211]LogModuleManager: Shutting down and abandoning module DirectoryWatcher (166)
[2020.10.09-21.02.29:544][211]LogModuleManager: Shutting down and abandoning module KismetCompiler (164)
[2020.10.09-21.02.29:544][211]LogModuleManager: Shutting down and abandoning module MeshUtilities (162)
[2020.10.09-21.02.29:544][211]LogModuleManager: Shutting down and abandoning module MeshMergeUtilities (161)
[2020.10.09-21.02.29:544][211]LogModuleManager: Shutting down and abandoning module MeshReductionInterface (160)
[2020.10.09-21.02.29:544][211]LogModuleManager: Shutting down and abandoning module SimplygonSwarm (159)
[2020.10.09-21.02.29:544][211]LogModuleManager: Shutting down and abandoning module SimplygonMeshReduction (157)
[2020.10.09-21.02.29:544][211]LogModuleManager: Shutting down and abandoning module QuadricMeshReduction (155)
[2020.10.09-21.02.29:544][211]LogModuleManager: Shutting down and abandoning module MaterialBaking (151)
[2020.10.09-21.02.29:544][211]LogModuleManager: Shutting down and abandoning module DerivedDataCache (148)
[2020.10.09-21.02.29:581][211]LogDerivedDataCache: Shutdown
[2020.10.09-21.02.29:581][211]LogModuleManager: Shutting down and abandoning module TargetPlatform (146)
[2020.10.09-21.02.29:581][211]LogModuleManager: Shutting down and abandoning module VulkanShaderFormat (145)
[2020.10.09-21.02.29:581][211]LogModuleManager: Shutting down and abandoning module ShaderFormatVectorVM (143)
[2020.10.09-21.02.29:581][211]LogModuleManager: Shutting down and abandoning module ShaderFormatOpenGL (141)
[2020.10.09-21.02.29:581][211]LogModuleManager: Shutting down and abandoning module ShaderFormatD3D (139)
[2020.10.09-21.02.29:581][211]LogModuleManager: Shutting down and abandoning module MetalShaderFormat (137)
[2020.10.09-21.02.29:581][211]LogModuleManager: Shutting down and abandoning module TextureFormatUncompressed (135)
[2020.10.09-21.02.29:581][211]LogModuleManager: Shutting down and abandoning module TextureFormatPVR (133)
[2020.10.09-21.02.29:581][211]LogModuleManager: Shutting down and abandoning module TextureFormatDXT (131)
[2020.10.09-21.02.29:581][211]LogModuleManager: Shutting down and abandoning module TextureFormatIntelISPCTexComp (129)
[2020.10.09-21.02.29:581][211]LogModuleManager: Shutting down and abandoning module TextureFormatASTC (127)
[2020.10.09-21.02.29:581][211]LogModuleManager: Shutting down and abandoning module ImageWrapper (126)
[2020.10.09-21.02.29:581][211]LogModuleManager: Shutting down and abandoning module TextureFormatAndroid (123)
[2020.10.09-21.02.29:581][211]LogModuleManager: Shutting down and abandoning module AudioFormatOpus (121)
[2020.10.09-21.02.29:581][211]LogModuleManager: Shutting down and abandoning module AudioFormatOgg (119)
[2020.10.09-21.02.29:581][211]LogModuleManager: Shutting down and abandoning module AudioFormatADPCM (117)
[2020.10.09-21.02.29:581][211]LogModuleManager: Shutting down and abandoning module LinuxTargetPlatform (115)
[2020.10.09-21.02.29:581][211]LogModuleManager: Shutting down and abandoning module LinuxServerTargetPlatform (113)
[2020.10.09-21.02.29:582][211]LogModuleManager: Shutting down and abandoning module LinuxNoEditorTargetPlatform (111)
[2020.10.09-21.02.29:582][211]LogModuleManager: Shutting down and abandoning module LinuxClientTargetPlatform (109)
[2020.10.09-21.02.29:582][211]LogModuleManager: Shutting down and abandoning module TVOSTargetPlatform (107)
[2020.10.09-21.02.29:582][211]LogModuleManager: Shutting down and abandoning module Messaging (105)
[2020.10.09-21.02.29:582][211]LogModuleManager: Shutting down and abandoning module IOSTargetPlatform (103)
[2020.10.09-21.02.29:582][211]LogModuleManager: Shutting down and abandoning module HTML5TargetPlatform (101)
[2020.10.09-21.02.29:582][211]LogModuleManager: Shutting down and abandoning module AndroidTargetPlatform (99)
[2020.10.09-21.02.29:582][211]LogModuleManager: Shutting down and abandoning module Android_PVRTCTargetPlatform (97)
[2020.10.09-21.02.29:582][211]LogModuleManager: Shutting down and abandoning module Android_MultiTargetPlatform (95)
[2020.10.09-21.02.29:582][211]LogModuleManager: Shutting down and abandoning module Android_ETC2TargetPlatform (93)
[2020.10.09-21.02.29:582][211]LogModuleManager: Shutting down and abandoning module Android_ETC1TargetPlatform (91)
[2020.10.09-21.02.29:582][211]LogModuleManager: Shutting down and abandoning module Android_DXTTargetPlatform (89)
[2020.10.09-21.02.29:582][211]LogModuleManager: Shutting down and abandoning module Android_ATCTargetPlatform (87)
[2020.10.09-21.02.29:582][211]LogModuleManager: Shutting down and abandoning module Android_ASTCTargetPlatform (85)
[2020.10.09-21.02.29:582][211]LogModuleManager: Shutting down and abandoning module WindowsTargetPlatform (83)
[2020.10.09-21.02.29:582][211]LogModuleManager: Shutting down and abandoning module WindowsServerTargetPlatform (81)
[2020.10.09-21.02.29:582][211]LogModuleManager: Shutting down and abandoning module WindowsNoEditorTargetPlatform (79)
[2020.10.09-21.02.29:582][211]LogModuleManager: Shutting down and abandoning module WindowsClientTargetPlatform (77)
[2020.10.09-21.02.29:582][211]LogModuleManager: Shutting down and abandoning module MacTargetPlatform (75)
[2020.10.09-21.02.29:582][211]LogModuleManager: Shutting down and abandoning module MacServerTargetPlatform (73)
[2020.10.09-21.02.29:582][211]LogModuleManager: Shutting down and abandoning module MacNoEditorTargetPlatform (71)
[2020.10.09-21.02.29:582][211]LogModuleManager: Shutting down and abandoning module MacClientTargetPlatform (69)
[2020.10.09-21.02.29:582][211]LogModuleManager: Shutting down and abandoning module AllDesktopTargetPlatform (67)
[2020.10.09-21.02.29:582][211]LogModuleManager: Shutting down and abandoning module InputCore (64)
[2020.10.09-21.02.29:582][211]LogModuleManager: Shutting down and abandoning module Settings (62)
[2020.10.09-21.02.29:582][211]LogModuleManager: Shutting down and abandoning module PhysXCooking (60)
[2020.10.09-21.02.29:582][211]LogModuleManager: Shutting down and abandoning module SteamVR (58)
[2020.10.09-21.02.29:582][211]LogModuleManager: Shutting down and abandoning module OculusHMD (56)
[2020.10.09-21.02.29:582][211]LogModuleManager: Shutting down and abandoning module ExampleDeviceProfileSelector (54)
[2020.10.09-21.02.29:582][211]LogModuleManager: Shutting down and abandoning module AppleARKit (52)
[2020.10.09-21.02.29:582][211]LogModuleManager: Shutting down and abandoning module AugmentedReality (51)
[2020.10.09-21.02.29:582][211]LogModuleManager: Shutting down and abandoning module OnlineBlueprintSupport (48)
[2020.10.09-21.02.29:582][211]LogModuleManager: Shutting down and abandoning module OnlineSubsystem (44)
[2020.10.09-21.02.29:582][211]LogModuleManager: Shutting down and abandoning module XMPP (43)
[2020.10.09-21.02.29:582][211]LogModuleManager: Shutting down and abandoning module HTTP (41)
[2020.10.09-21.02.29:582][211]LogHttp: Display: Http module shutting down, but needs to wait on 1 outstanding Http requests:
[2020.10.09-21.02.29:582][211]LogHttp: Display: 	verb=[POST] url=[https://datarouter.ol.epicgames.com/datarouter/api/v1/public/data?SessionID=%7BE2D29060-4440-5FB0-D612-54BFC18C88C6%7D&AppID=UEEditor.Rocket.Release&AppVersion=4.18.3-3832480%2B%2B%2BUE4%2BRelease-4.18&UserID=76eabb4840fec6d020c8d6ae09bbad94%7C4c3ed015983947e184c7589ab98a053e%7C3a68f47b-5a39-4bf1-a93e-f2039e9fd751&AppEnvironment=datacollector-binary&UploadType=eteventstream] status=Processing
[2020.10.09-21.02.29:605][211]LogModuleManager: Shutting down and abandoning module SSL (40)
[2020.10.09-21.02.29:606][211]LogModuleManager: Shutting down and abandoning module AnimationModifiers (36)
[2020.10.09-21.02.29:606][211]LogModuleManager: Shutting down and abandoning module PropertyEditor (35)
[2020.10.09-21.02.29:606][211]LogModuleManager: Shutting down and abandoning module AudioEditor (32)
[2020.10.09-21.02.29:606][211]LogModuleManager: Shutting down and abandoning module TextureCompressor (30)
[2020.10.09-21.02.29:606][211]LogModuleManager: Shutting down and abandoning module ShaderCore (28)
[2020.10.09-21.02.29:606][211]LogModuleManager: Shutting down and abandoning module Landscape (26)
[2020.10.09-21.02.29:606][211]LogModuleManager: Shutting down and abandoning module SlateRHIRenderer (24)
[2020.10.09-21.02.29:607][211]LogModuleManager: Shutting down and abandoning module OpenGLDrv (22)
[2020.10.09-21.02.29:607][211]LogModuleManager: Shutting down and abandoning module D3D11RHI (20)
[2020.10.09-21.02.29:607][211]LogModuleManager: Shutting down and abandoning module AnimGraphRuntime (18)
[2020.10.09-21.02.29:607][211]LogModuleManager: Shutting down and abandoning module Renderer (16)
[2020.10.09-21.02.29:607][211]LogModuleManager: Shutting down and abandoning module Engine (14)
[2020.10.09-21.02.29:607][211]LogModuleManager: Shutting down and abandoning module CoreUObject (12)
[2020.10.09-21.02.29:607][211]LogModuleManager: Shutting down and abandoning module NetworkFile (10)
[2020.10.09-21.02.29:607][211]LogModuleManager: Shutting down and abandoning module CookedIterativeFile (8)
[2020.10.09-21.02.29:607][211]LogModuleManager: Shutting down and abandoning module StreamingFile (6)
[2020.10.09-21.02.29:607][211]LogModuleManager: Shutting down and abandoning module SandboxFile (4)
[2020.10.09-21.02.29:607][211]LogModuleManager: Shutting down and abandoning module PakFile (2)
[2020.10.09-21.02.29:611][211]LogExit: Exiting.
[2020.10.09-21.02.29:616][211]Log file closed, 10/09/20 14:02:29
